08:04:16 AM, Tuesday 27th of July 2021 - ::1: Login attempt by: bryan, admin
08:05:47 AM, Tuesday 27th of July 2021 - ::1: Login attempt by: Failed
08:05:53 AM, Tuesday 27th of July 2021 - ::1: Login attempt by: bryan, admin
08:07:56 AM, Tuesday 27th of July 2021 - ::1: Login attempt by: bryan, admin
08:09:12 AM, Tuesday 27th of July 2021 - ::1: Login attempt by: bryan, admin
08:18:40 AM, Tuesday 27th of July 2021 - ::1: Login attempt by: Failed
08:18:54 AM, Tuesday 27th of July 2021 - ::1: Login attempt by: hello, admin
08:22:01 AM, Tuesday 27th of July 2021 - ::1: Login attempt by: bryan, admin
08:23:09 AM, Tuesday 27th of July 2021 - ::1: Login attempt by: bryan, admin
08:26:40 AM, Tuesday 27th of July 2021 - ::1: Login attempt by: bryan, admin
08:27:00 AM, Tuesday 27th of July 2021 - ::1: Login attempt by: bryan, admin
08:27:07 AM, Tuesday 27th of July 2021 - ::1: Login attempt by: Failed
08:44:35 AM, Tuesday 27th of July 2021 - ::1: Login attempt by: Failed
08:44:41 AM, Tuesday 27th of July 2021 - ::1: Login attempt by: bryan, admin
08:51:51 AM, Tuesday 27th of July 2021 - ::1: Login attempt by: bryan, admin
08:53:08 AM, Tuesday 27th of July 2021 - ::1: Login attempt by: bryan, admin
08:54:30 AM, Tuesday 27th of July 2021 - ::1: Login attempt by: bryan, admin
08:55:23 AM, Tuesday 27th of July 2021 - ::1: Login attempt by: bryan, admin
08:55:36 AM, Tuesday 27th of July 2021 - ::1: Login attempt by: bryan, admin
08:56:53 AM, Tuesday 27th of July 2021 - ::1: Login attempt by: bryan, admin
08:59:53 AM, Tuesday 27th of July 2021 - ::1: Login attempt by: bryan, admin
09:03:15 AM, Tuesday 27th of July 2021 - ::1: Login attempt by: bryan, admin
10:12:13 AM, Tuesday 27th of July 2021 - ::1: Login attempt by: bryan, admin
10:12:48 AM, Tuesday 27th of July 2021 - ::1: Login attempt by: alien, admin
10:13:18 AM, Tuesday 27th of July 2021 - ::1: Login attempt by: bryan, admin
10:14:16 AM, Tuesday 27th of July 2021 - ::1: Login attempt by: bryan, admin
10:17:56 AM, Tuesday 27th of July 2021 - ::1: Login attempt by: alien, admin
10:19:12 AM, Tuesday 27th of July 2021 - ::1: Login attempt by: bryan, admin
10:20:09 AM, Tuesday 27th of July 2021 - ::1: Login attempt by: bryan, admin
10:20:34 AM, Tuesday 27th of July 2021 - ::1: Login attempt by: bryan, admin
10:21:04 AM, Tuesday 27th of July 2021 - ::1: Login attempt by: bryan, admin
10:27:02 AM, Tuesday 27th of July 2021 - ::1: Login attempt by: bryan, admin
10:44:49 AM, Tuesday 27th of July 2021 - ::1: Login attempt by: bryan, admin
04:28:57 AM, Wednesday 28th of July 2021 - ::1: Login attempt by: bryan, admin
08:04:18 AM, Wednesday 28th of July 2021 - ::1: Login attempt by: bryan, admin
09:39:10 AM, Wednesday 28th of July 2021 - ::1: Login attempt by: Failed
09:40:14 AM, Wednesday 28th of July 2021 - ::1: Login attempt by: bryan, admin
09:46:09 AM, Wednesday 28th of July 2021 - ::1: Login attempt by: hello, admin
09:46:24 AM, Wednesday 28th of July 2021 - ::1: Login attempt by: bryan, admin
09:49:26 AM, Wednesday 28th of July 2021 - ::1: Login attempt by: Failed
